  App.cpp
\\StuHomeOdd\HomeDrive5$\1801875\GitHub\CMP400-FogRenderer\OpenGLWronskiFog\src\Model.h(189,1): warning C4267: 'argument': conversion from 'size_t' to 'unsigned int', possible loss of data
\\StuHomeOdd\HomeDrive5$\1801875\GitHub\CMP400-FogRenderer\OpenGLWronskiFog\src\Renderer.h(21,1): warning C4267: 'argument': conversion from 'size_t' to 'GLenum', possible loss of data
\\StuHomeOdd\HomeDrive5$\1801875\GitHub\CMP400-FogRenderer\OpenGLWronskiFog\src\Renderer.h(30,1): warning C4267: 'argument': conversion from 'size_t' to 'int', possible loss of data
\\StuHomeOdd\HomeDrive5$\1801875\GitHub\CMP400-FogRenderer\OpenGLWronskiFog\src\Renderer.h(35,1): warning C4267: 'argument': conversion from 'size_t' to 'GLsizei', possible loss of data
\\StuHomeOdd\HomeDrive5$\1801875\GitHub\CMP400-FogRenderer\OpenGLWronskiFog\src\Renderer.h(71,1): warning C4267: 'argument': conversion from 'size_t' to 'GLenum', possible loss of data
\\StuHomeOdd\HomeDrive5$\1801875\GitHub\CMP400-FogRenderer\OpenGLWronskiFog\src\Renderer.h(80,1): warning C4267: 'argument': conversion from 'size_t' to 'int', possible loss of data
\\StuHomeOdd\HomeDrive5$\1801875\GitHub\CMP400-FogRenderer\OpenGLWronskiFog\src\Renderer.h(85,1): warning C4267: 'argument': conversion from 'size_t' to 'GLsizei', possible loss of data
\\StuHomeOdd\HomeDrive5$\1801875\GitHub\CMP400-FogRenderer\OpenGLWronskiFog\src\Renderer.h(109,1): warning C4267: 'argument': conversion from 'size_t' to 'GLsizei', possible loss of data
\\StuHomeOdd\HomeDrive5$\1801875\GitHub\CMP400-FogRenderer\OpenGLWronskiFog\src\Renderer.h(122,1): warning C4267: 'argument': conversion from 'size_t' to 'GLsizei', possible loss of data
\\StuHomeOdd\HomeDrive5$\1801875\GitHub\CMP400-FogRenderer\OpenGLWronskiFog\src\Renderer.h(174,1): warning C4267: 'argument': conversion from 'size_t' to 'GLsizei', possible loss of data
C:\Program Files (x86)\Windows Kits\10\Include\10.0.19041.0\shared\minwindef.h(130,1): warning C4005: 'APIENTRY': macro redefinition
\\StuHomeOdd\HomeDrive5$\1801875\GitHub\CMP400-FogRenderer\OpenGLWronskiFog\Dependencies\include\glad4.3\glad4.3.h(32): message : see previous definition of 'APIENTRY'
\\StuHomeOdd\HomeDrive5$\1801875\GitHub\CMP400-FogRenderer\OpenGLWronskiFog\src\App.cpp(129,22): warning C4244: 'initializing': conversion from 'double' to 'float', possible loss of data
\\StuHomeOdd\HomeDrive5$\1801875\GitHub\CMP400-FogRenderer\OpenGLWronskiFog\src\App.cpp(219,20): warning C4018: '<': signed/unsigned mismatch
\\StuHomeOdd\HomeDrive5$\1801875\GitHub\CMP400-FogRenderer\OpenGLWronskiFog\src\App.cpp(271,21): warning C4018: '<': signed/unsigned mismatch
\\StuHomeOdd\HomeDrive5$\1801875\GitHub\CMP400-FogRenderer\OpenGLWronskiFog\src\App.cpp(275,21): warning C4018: '<': signed/unsigned mismatch
\\StuHomeOdd\HomeDrive5$\1801875\GitHub\CMP400-FogRenderer\OpenGLWronskiFog\src\App.cpp(285,21): warning C4018: '<': signed/unsigned mismatch
\\StuHomeOdd\HomeDrive5$\1801875\GitHub\CMP400-FogRenderer\OpenGLWronskiFog\src\App.cpp(290,21): warning C4018: '<': signed/unsigned mismatch
\\StuHomeOdd\HomeDrive5$\1801875\GitHub\CMP400-FogRenderer\OpenGLWronskiFog\src\App.cpp(435,21): warning C4018: '<': signed/unsigned mismatch
\\StuHomeOdd\HomeDrive5$\1801875\GitHub\CMP400-FogRenderer\OpenGLWronskiFog\src\App.cpp(505,22): warning C4018: '<': signed/unsigned mismatch
\\StuHomeOdd\HomeDrive5$\1801875\GitHub\CMP400-FogRenderer\OpenGLWronskiFog\src\App.cpp(624,22): warning C4018: '<': signed/unsigned mismatch
\\StuHomeOdd\HomeDrive5$\1801875\GitHub\CMP400-FogRenderer\OpenGLWronskiFog\src\App.cpp(838,18): warning C4244: 'initializing': conversion from 'int' to 'float', possible loss of data
\\StuHomeOdd\HomeDrive5$\1801875\GitHub\CMP400-FogRenderer\OpenGLWronskiFog\src\App.cpp(855,73): warning C4267: 'argument': conversion from 'size_t' to 'GLsizei', possible loss of data
\\StuHomeOdd\HomeDrive5$\1801875\GitHub\CMP400-FogRenderer\OpenGLWronskiFog\src\App.cpp(857,86): warning C4267: 'argument': conversion from 'size_t' to 'GLsizei', possible loss of data
\\StuHomeOdd\HomeDrive5$\1801875\GitHub\CMP400-FogRenderer\OpenGLWronskiFog\src\App.cpp(859,86): warning C4267: 'argument': conversion from 'size_t' to 'GLsizei', possible loss of data
\\StuHomeOdd\HomeDrive5$\1801875\GitHub\CMP400-FogRenderer\OpenGLWronskiFog\src\App.cpp(861,86): warning C4267: 'argument': conversion from 'size_t' to 'GLsizei', possible loss of data
\\StuHomeOdd\HomeDrive5$\1801875\GitHub\CMP400-FogRenderer\OpenGLWronskiFog\src\App.cpp(1125,19): warning C4150: deletion of pointer to incomplete type 'GLFWwindow'; no destructor called
\\StuHomeOdd\HomeDrive5$\1801875\GitHub\CMP400-FogRenderer\OpenGLWronskiFog\Dependencies\include\imgui\imgui_impl_glfw.h(23): message : see declaration of 'GLFWwindow'
  OpenGLWronskiFog.vcxproj -> \\StuHomeOdd\HomeDrive5$\1801875\GitHub\CMP400-FogRenderer\x64\Debug\OpenGLWronskiFog.exe
