c:\users\peggers\source\repos\openglwronskifog\openglwronskifog\x64\debug\vc142.pdb
c:\users\peggers\source\repos\openglwronskifog\openglwronskifog\x64\debug\vc142.idb
c:\users\peggers\source\repos\openglwronskifog\openglwronskifog\x64\debug\stb_image.obj
c:\users\peggers\source\repos\openglwronskifog\openglwronskifog\x64\debug\main.obj
c:\users\peggers\source\repos\openglwronskifog\openglwronskifog\x64\debug\shader.obj
c:\users\peggers\source\repos\openglwronskifog\openglwronskifog\x64\debug\renderer.obj
c:\users\peggers\source\repos\openglwronskifog\openglwronskifog\x64\debug\globject.obj
c:\users\peggers\source\repos\openglwronskifog\openglwronskifog\x64\debug\camera.obj
c:\users\peggers\source\repos\openglwronskifog\openglwronskifog\x64\debug\app.obj
c:\users\peggers\source\repos\openglwronskifog\openglwronskifog\x64\debug\mesh.obj
c:\users\peggers\source\repos\openglwronskifog\x64\debug\openglwronskifog.pdb
c:\users\peggers\source\repos\openglwronskifog\openglwronskifog\x64\debug\openglwronskifog.tlog\cl.command.1.tlog
c:\users\peggers\source\repos\openglwronskifog\openglwronskifog\x64\debug\openglwronskifog.tlog\cl.read.1.tlog
c:\users\peggers\source\repos\openglwronskifog\openglwronskifog\x64\debug\openglwronskifog.tlog\cl.write.1.tlog
c:\users\peggers\source\repos\openglwronskifog\openglwronskifog\x64\debug\openglwronskifog.tlog\link-cvtres.read.1.tlog
c:\users\peggers\source\repos\openglwronskifog\openglwronskifog\x64\debug\openglwronskifog.tlog\link-cvtres.write.1.tlog
c:\users\peggers\source\repos\openglwronskifog\openglwronskifog\x64\debug\openglwronskifog.tlog\link-rc.read.1.tlog
c:\users\peggers\source\repos\openglwronskifog\openglwronskifog\x64\debug\openglwronskifog.tlog\link-rc.write.1.tlog
c:\users\peggers\source\repos\openglwronskifog\openglwronskifog\x64\debug\openglwronskifog.tlog\link.command.1.tlog
c:\users\peggers\source\repos\openglwronskifog\openglwronskifog\x64\debug\openglwronskifog.tlog\link.read.1.tlog
c:\users\peggers\source\repos\openglwronskifog\openglwronskifog\x64\debug\openglwronskifog.tlog\link.write.1.tlog
