  App.cpp
C:\Users\Peggers\source\repos\OpenGLWronskiFog\OpenGLWronskiFog\src\Model.h(189,1): warning C4267: 'argument': conversion from 'size_t' to 'unsigned int', possible loss of data
C:\Users\Peggers\source\repos\OpenGLWronskiFog\OpenGLWronskiFog\src\Renderer.h(21,1): warning C4267: 'argument': conversion from 'size_t' to 'GLenum', possible loss of data
C:\Users\Peggers\source\repos\OpenGLWronskiFog\OpenGLWronskiFog\src\Renderer.h(30,1): warning C4267: 'argument': conversion from 'size_t' to 'int', possible loss of data
C:\Users\Peggers\source\repos\OpenGLWronskiFog\OpenGLWronskiFog\src\Renderer.h(35,1): warning C4267: 'argument': conversion from 'size_t' to 'GLsizei', possible loss of data
C:\Users\Peggers\source\repos\OpenGLWronskiFog\OpenGLWronskiFog\src\Renderer.h(56,1): warning C4267: 'argument': conversion from 'size_t' to 'GLenum', possible loss of data
C:\Users\Peggers\source\repos\OpenGLWronskiFog\OpenGLWronskiFog\src\Renderer.h(65,1): warning C4267: 'argument': conversion from 'size_t' to 'int', possible loss of data
C:\Users\Peggers\source\repos\OpenGLWronskiFog\OpenGLWronskiFog\src\Renderer.h(70,1): warning C4267: 'argument': conversion from 'size_t' to 'GLsizei', possible loss of data
C:\Users\Peggers\source\repos\OpenGLWronskiFog\OpenGLWronskiFog\src\App.h(81,28): warning C4305: 'initializing': truncation from 'double' to 'float'
C:\Users\Peggers\source\repos\OpenGLWronskiFog\OpenGLWronskiFog\src\App.cpp(66,22): warning C4244: 'initializing': conversion from 'double' to 'float', possible loss of data
C:\Users\Peggers\source\repos\OpenGLWronskiFog\OpenGLWronskiFog\src\App.cpp(154,106): warning C4267: 'argument': conversion from 'size_t' to 'GLsizei', possible loss of data
C:\Users\Peggers\source\repos\OpenGLWronskiFog\OpenGLWronskiFog\src\App.cpp(182,112): warning C4267: 'argument': conversion from 'size_t' to 'GLsizei', possible loss of data
C:\Users\Peggers\source\repos\OpenGLWronskiFog\OpenGLWronskiFog\src\App.cpp(191,96): warning C4267: 'argument': conversion from 'size_t' to 'GLsizei', possible loss of data
C:\Users\Peggers\source\repos\OpenGLWronskiFog\OpenGLWronskiFog\src\App.cpp(200,98): warning C4267: 'argument': conversion from 'size_t' to 'GLsizei', possible loss of data
C:\Users\Peggers\source\repos\OpenGLWronskiFog\OpenGLWronskiFog\src\App.cpp(204,105): warning C4267: 'argument': conversion from 'size_t' to 'GLsizei', possible loss of data
C:\Users\Peggers\source\repos\OpenGLWronskiFog\OpenGLWronskiFog\src\App.cpp(209,109): warning C4267: 'argument': conversion from 'size_t' to 'GLsizei', possible loss of data
C:\Users\Peggers\source\repos\OpenGLWronskiFog\OpenGLWronskiFog\src\App.cpp(218,100): warning C4267: 'argument': conversion from 'size_t' to 'GLsizei', possible loss of data
C:\Users\Peggers\source\repos\OpenGLWronskiFog\OpenGLWronskiFog\src\App.cpp(222,105): warning C4267: 'argument': conversion from 'size_t' to 'GLsizei', possible loss of data
C:\Users\Peggers\source\repos\OpenGLWronskiFog\OpenGLWronskiFog\src\App.cpp(227,109): warning C4267: 'argument': conversion from 'size_t' to 'GLsizei', possible loss of data
C:\Users\Peggers\source\repos\OpenGLWronskiFog\OpenGLWronskiFog\src\App.cpp(243,108): warning C4267: 'argument': conversion from 'size_t' to 'GLsizei', possible loss of data
C:\Users\Peggers\source\repos\OpenGLWronskiFog\OpenGLWronskiFog\src\App.cpp(261,96): warning C4267: 'argument': conversion from 'size_t' to 'GLsizei', possible loss of data
C:\Users\Peggers\source\repos\OpenGLWronskiFog\OpenGLWronskiFog\src\App.cpp(334,18): warning C4244: 'initializing': conversion from 'int' to 'float', possible loss of data
C:\Users\Peggers\source\repos\OpenGLWronskiFog\OpenGLWronskiFog\src\App.cpp(351,73): warning C4267: 'argument': conversion from 'size_t' to 'GLsizei', possible loss of data
C:\Users\Peggers\source\repos\OpenGLWronskiFog\OpenGLWronskiFog\src\App.cpp(353,86): warning C4267: 'argument': conversion from 'size_t' to 'GLsizei', possible loss of data
C:\Users\Peggers\source\repos\OpenGLWronskiFog\OpenGLWronskiFog\src\App.cpp(355,86): warning C4267: 'argument': conversion from 'size_t' to 'GLsizei', possible loss of data
C:\Users\Peggers\source\repos\OpenGLWronskiFog\OpenGLWronskiFog\src\App.cpp(357,86): warning C4267: 'argument': conversion from 'size_t' to 'GLsizei', possible loss of data
C:\Users\Peggers\source\repos\OpenGLWronskiFog\OpenGLWronskiFog\src\App.cpp(459,19): warning C4150: deletion of pointer to incomplete type 'GLFWwindow'; no destructor called
C:\Users\Peggers\source\repos\OpenGLWronskiFog\OpenGLWronskiFog\Dependencies\include\GLFW\glfw3.h(1157): message : see declaration of 'GLFWwindow'
C:\Users\Peggers\source\repos\OpenGLWronskiFog\OpenGLWronskiFog\src\App.cpp(595,68): warning C4244: 'argument': conversion from 'float' to 'GLsizei', possible loss of data
C:\Users\Peggers\source\repos\OpenGLWronskiFog\OpenGLWronskiFog\src\App.cpp(595,48): warning C4244: 'argument': conversion from 'float' to 'GLsizei', possible loss of data
C:\Users\Peggers\source\repos\OpenGLWronskiFog\OpenGLWronskiFog\src\App.cpp(633,68): warning C4244: 'argument': conversion from 'float' to 'GLsizei', possible loss of data
C:\Users\Peggers\source\repos\OpenGLWronskiFog\OpenGLWronskiFog\src\App.cpp(633,48): warning C4244: 'argument': conversion from 'float' to 'GLsizei', possible loss of data
C:\Users\Peggers\source\repos\OpenGLWronskiFog\OpenGLWronskiFog\src\App.cpp(644,68): warning C4244: 'argument': conversion from 'float' to 'GLsizei', possible loss of data
C:\Users\Peggers\source\repos\OpenGLWronskiFog\OpenGLWronskiFog\src\App.cpp(644,48): warning C4244: 'argument': conversion from 'float' to 'GLsizei', possible loss of data
  main.cpp
C:\Users\Peggers\source\repos\OpenGLWronskiFog\OpenGLWronskiFog\src\Model.h(189,1): warning C4267: 'argument': conversion from 'size_t' to 'unsigned int', possible loss of data
C:\Users\Peggers\source\repos\OpenGLWronskiFog\OpenGLWronskiFog\src\Renderer.h(21,1): warning C4267: 'argument': conversion from 'size_t' to 'GLenum', possible loss of data
C:\Users\Peggers\source\repos\OpenGLWronskiFog\OpenGLWronskiFog\src\Renderer.h(30,1): warning C4267: 'argument': conversion from 'size_t' to 'int', possible loss of data
C:\Users\Peggers\source\repos\OpenGLWronskiFog\OpenGLWronskiFog\src\Renderer.h(35,1): warning C4267: 'argument': conversion from 'size_t' to 'GLsizei', possible loss of data
C:\Users\Peggers\source\repos\OpenGLWronskiFog\OpenGLWronskiFog\src\Renderer.h(56,1): warning C4267: 'argument': conversion from 'size_t' to 'GLenum', possible loss of data
C:\Users\Peggers\source\repos\OpenGLWronskiFog\OpenGLWronskiFog\src\Renderer.h(65,1): warning C4267: 'argument': conversion from 'size_t' to 'int', possible loss of data
C:\Users\Peggers\source\repos\OpenGLWronskiFog\OpenGLWronskiFog\src\Renderer.h(70,1): warning C4267: 'argument': conversion from 'size_t' to 'GLsizei', possible loss of data
C:\Users\Peggers\source\repos\OpenGLWronskiFog\OpenGLWronskiFog\src\App.h(81,28): warning C4305: 'initializing': truncation from 'double' to 'float'
LINK : warning LNK4098: defaultlib 'MSVCRTD' conflicts with use of other libs; use /NODEFAULTLIB:library
  Generating code
  71 of 2119 functions ( 3.4%) were compiled, the rest were copied from previous compilation.
    0 functions were new in current compilation
    31 functions had inline decision re-evaluated but remain unchanged
  Finished generating code
  OpenGLWronskiFog.vcxproj -> C:\Users\Peggers\source\repos\OpenGLWronskiFog\x64\Release\OpenGLWronskiFog.exe
